2025-04-15 17:48:08,537 - telegram_bot - INFO - !!!!!!!!!!!!!Бот запущен!!!!!!!!!!!!!
2025-04-15 17:48:18,383 - telegram_bot - INFO - Action: HelpCommand - Message: 20 - User: WhiteJohny
2025-04-15 17:48:26,716 - telegram_bot - INFO - Action: StartCommand - Message: 22 - User: WhiteJohny
2025-04-15 17:49:26,567 - telegram_bot - INFO - !!!!!!!!!!!!!Бот остановлен!!!!!!!!!!!!!
2025-04-15 17:49:29,048 - telegram_bot - INFO - !!!!!!!!!!!!!Бот запущен!!!!!!!!!!!!!
2025-04-15 17:49:38,419 - telegram_bot - INFO - !!!!!!!!!!!!!Бот запущен!!!!!!!!!!!!!
2025-04-15 17:49:41,575 - telegram_bot - INFO - Action: StopCommand - Message: 29 - User: WhiteJohny
2025-04-15 17:49:42,158 - telegram_bot - INFO - !!!!!!!!!!!!!Бот остановлен!!!!!!!!!!!!!
2025-04-28 18:22:44,316 - telegram_bot - INFO - !!!!!!!!!!!!!Бот запущен!!!!!!!!!!!!!
2025-04-28 18:22:55,845 - telegram_bot - INFO - Action: HelpCommand - Message: 32 - User: WhiteJohny
2025-04-28 19:27:20,135 - telegram_bot - INFO - !!!!!!!!!!!!!Бот остановлен!!!!!!!!!!!!!
2025-04-28 19:27:28,748 - telegram_bot - INFO - !!!!!!!!!!!!!Бот запущен!!!!!!!!!!!!!
2025-04-28 19:27:33,319 - telegram_bot - INFO - Action: StartCommand - Message: 36 - User: WhiteJohny
2025-04-28 19:32:32,588 - telegram_bot - INFO - !!!!!!!!!!!!!Бот остановлен!!!!!!!!!!!!!
2025-04-28 19:32:35,418 - telegram_bot - INFO - !!!!!!!!!!!!!Бот запущен!!!!!!!!!!!!!
2025-04-28 19:32:37,852 - telegram_bot - INFO - Action: StartCommand - Message: 40 - User: WhiteJohny
2025-04-28 19:35:50,793 - telegram_bot - INFO - !!!!!!!!!!!!!Бот остановлен!!!!!!!!!!!!!
2025-04-28 19:35:53,732 - telegram_bot - INFO - !!!!!!!!!!!!!Бот запущен!!!!!!!!!!!!!
2025-04-28 19:35:58,435 - telegram_bot - INFO - Action: StartCommand - Message: 44 - User: WhiteJohny
2025-04-28 20:42:09,360 - telegram_bot - INFO - !!!!!!!!!!!!!Бот остановлен!!!!!!!!!!!!!
2025-04-28 22:17:00,500 - telegram_bot - INFO - !!!!!!!!!!!!!Бот запущен!!!!!!!!!!!!!
2025-04-28 22:18:07,175 - telegram_bot - INFO - Action: Help command - Message id: 51 - User: WhiteJohny
2025-04-28 22:18:08,701 - telegram_bot - INFO - Action: Start command - Message id: 53 - User: WhiteJohny
2025-04-28 22:18:11,701 - telegram_bot - INFO - Action: Track analysis handler - Message id: 55 - User: WhiteJohny
2025-04-28 22:18:16,207 - telegram_bot - INFO - Action: Track analysis process link - Message id: 57 - User: WhiteJohny
2025-04-28 23:26:57,759 - telegram_bot - INFO - !!!!!!!!!!!!!Бот запущен!!!!!!!!!!!!!
2025-04-28 23:27:01,273 - telegram_bot - INFO - Action: Start command - Message id: 61 - User: WhiteJohny
2025-04-28 23:27:03,022 - telegram_bot - INFO - Action: Track analysis handler - Message id: 63 - User: WhiteJohny
2025-04-28 23:27:51,695 - telegram_bot - INFO - Action: Track analysis process link - Message id: 65 - User: WhiteJohny
2025-04-28 23:27:54,136 - telegram_bot - INFO - Action: Download audio YT - Additional info: Error: ERROR: [youtube] 7YHgDbbGU8w: Failed to extract any player response; please report this issue on  https://github.com/yt-dlp/yt-dlp/issues?q= , filling out the appropriate issue template. Confirm you are on the latest version using  yt-dlp -U
2025-04-28 23:29:10,983 - telegram_bot - INFO - !!!!!!!!!!!!!Бот остановлен!!!!!!!!!!!!!
2025-04-28 23:29:42,255 - telegram_bot - INFO - !!!!!!!!!!!!!Бот запущен!!!!!!!!!!!!!
2025-04-28 23:29:52,201 - telegram_bot - INFO - Action: Start command - Message id: 71 - User: WhiteJohny
2025-04-28 23:29:58,218 - telegram_bot - INFO - Action: Track analysis handler - Message id: 73 - User: WhiteJohny
2025-04-28 23:30:05,236 - telegram_bot - INFO - Action: Track analysis process link - Message id: 75 - User: WhiteJohny
2025-04-28 23:32:03,366 - telegram_bot - INFO - Action: Help command - Message id: 77 - User: WhiteJohny
2025-04-28 23:38:55,333 - telegram_bot - INFO - !!!!!!!!!!!!!Бот остановлен!!!!!!!!!!!!!
2025-04-28 23:38:58,875 - telegram_bot - INFO - !!!!!!!!!!!!!Бот запущен!!!!!!!!!!!!!
2025-04-28 23:39:05,870 - telegram_bot - INFO - Action: Help command - Message id: 82 - User: WhiteJohny
2025-04-28 23:39:13,534 - telegram_bot - INFO - Action: Start command - Message id: 84 - User: WhiteJohny
2025-04-28 23:39:15,396 - telegram_bot - INFO - Action: Track analysis handler - Message id: 86 - User: WhiteJohny
2025-04-28 23:39:17,623 - telegram_bot - INFO - Action: Track analysis process link - Message id: 88 - User: WhiteJohny
2025-04-28 23:46:03,442 - telegram_bot - INFO - !!!!!!!!!!!!!Бот остановлен!!!!!!!!!!!!!
2025-04-28 23:49:35,051 - telegram_bot - INFO - !!!!!!!!!!!!!Бот запущен!!!!!!!!!!!!!
2025-04-28 23:49:36,585 - telegram_bot - INFO - Action: Start command - Message id: 92 - User: WhiteJohny
2025-04-28 23:49:48,562 - telegram_bot - INFO - Action: Start command - Message id: 95 - User: WhiteJohny
2025-04-28 23:49:49,929 - telegram_bot - INFO - Action: Track analysis handler - Message id: 97 - User: WhiteJohny
2025-04-28 23:49:55,093 - telegram_bot - INFO - Action: Track analysis process link - Message id: 99 - User: WhiteJohny
2025-04-28 23:54:07,448 - telegram_bot - INFO - !!!!!!!!!!!!!Бот остановлен!!!!!!!!!!!!!
2025-04-28 23:54:11,099 - telegram_bot - INFO - !!!!!!!!!!!!!Бот запущен!!!!!!!!!!!!!
2025-04-28 23:54:15,829 - telegram_bot - INFO - Action: StopCommand - Message: 103 - User: WhiteJohny
2025-04-28 23:54:16,418 - telegram_bot - INFO - !!!!!!!!!!!!!Бот остановлен!!!!!!!!!!!!!
2025-04-28 23:54:23,076 - telegram_bot - INFO - !!!!!!!!!!!!!Бот запущен!!!!!!!!!!!!!
2025-04-28 23:54:23,786 - telegram_bot - INFO - Action: Start command - Message id: 106 - User: WhiteJohny
2025-04-28 23:54:25,661 - telegram_bot - INFO - Action: Track analysis handler - Message id: 108 - User: WhiteJohny
2025-04-28 23:54:28,494 - telegram_bot - INFO - Action: Track analysis process link - Message id: 110 - User: WhiteJohny
2025-04-28 23:55:12,160 - telegram_bot - INFO - !!!!!!!!!!!!!Бот остановлен!!!!!!!!!!!!!
2025-04-28 23:55:15,769 - telegram_bot - INFO - !!!!!!!!!!!!!Бот запущен!!!!!!!!!!!!!
2025-04-28 23:55:16,085 - telegram_bot - INFO - Action: Start command - Message id: 114 - User: WhiteJohny
2025-04-28 23:55:17,495 - telegram_bot - INFO - Action: Track analysis handler - Message id: 116 - User: WhiteJohny
2025-04-28 23:55:26,044 - telegram_bot - INFO - Action: Track analysis process link - Message id: 118 - User: WhiteJohny
2025-04-29 00:36:10,487 - telegram_bot - INFO - !!!!!!!!!!!!!Бот запущен!!!!!!!!!!!!!
2025-04-29 00:36:15,754 - telegram_bot - INFO - Action: Back handler - Message id: 122 - User: WhiteJohny
2025-04-29 00:36:20,240 - telegram_bot - INFO - Action: Start command - Message id: 123 - User: WhiteJohny
2025-04-29 00:36:29,679 - telegram_bot - INFO - Action: Track analysis handler - Message id: 126 - User: WhiteJohny
2025-04-29 00:36:30,976 - telegram_bot - INFO - Action: Back handler - Message id: 128 - User: WhiteJohny
2025-04-29 00:36:42,315 - telegram_bot - INFO - Action: Back handler - Message id: 129 - User: WhiteJohny
2025-04-29 00:37:33,014 - telegram_bot - INFO - !!!!!!!!!!!!!Бот остановлен!!!!!!!!!!!!!
2025-04-29 00:37:36,415 - telegram_bot - INFO - !!!!!!!!!!!!!Бот запущен!!!!!!!!!!!!!
2025-04-29 00:37:38,363 - telegram_bot - INFO - Action: Start command - Message id: 133 - User: WhiteJohny
2025-04-29 00:37:40,084 - telegram_bot - INFO - Action: Track analysis handler - Message id: 135 - User: WhiteJohny
2025-04-29 00:37:42,257 - telegram_bot - INFO - Action: Back handler - Message id: 137 - User: WhiteJohny
2025-04-29 00:38:30,006 - telegram_bot - INFO - !!!!!!!!!!!!!Бот остановлен!!!!!!!!!!!!!
2025-04-29 00:38:34,518 - telegram_bot - INFO - !!!!!!!!!!!!!Бот запущен!!!!!!!!!!!!!
2025-04-29 00:38:35,403 - telegram_bot - INFO - Action: Start command - Message id: 140 - User: WhiteJohny
2025-04-29 00:38:37,201 - telegram_bot - INFO - Action: Track analysis handler - Message id: 142 - User: WhiteJohny
2025-04-29 00:38:38,328 - telegram_bot - INFO - Action: Back handler - Message id: 144 - User: WhiteJohny
2025-04-29 00:39:18,316 - telegram_bot - INFO - !!!!!!!!!!!!!Бот остановлен!!!!!!!!!!!!!
2025-04-29 00:39:21,621 - telegram_bot - INFO - !!!!!!!!!!!!!Бот запущен!!!!!!!!!!!!!
2025-04-29 00:39:25,443 - telegram_bot - INFO - Action: Start command - Message id: 147 - User: WhiteJohny
2025-04-29 00:39:27,616 - telegram_bot - INFO - Action: Track analysis handler - Message id: 149 - User: WhiteJohny
2025-04-29 00:39:29,141 - telegram_bot - INFO - Action: Back handler - Message id: 151 - User: WhiteJohny
2025-04-29 00:40:24,260 - telegram_bot - INFO - !!!!!!!!!!!!!Бот остановлен!!!!!!!!!!!!!
2025-04-29 00:40:27,637 - telegram_bot - INFO - !!!!!!!!!!!!!Бот запущен!!!!!!!!!!!!!
2025-04-29 00:40:29,807 - telegram_bot - INFO - Action: Start command - Message id: 154 - User: WhiteJohny
2025-04-29 00:40:31,315 - telegram_bot - INFO - Action: Track analysis handler - Message id: 156 - User: WhiteJohny
2025-04-29 00:40:32,269 - telegram_bot - INFO - Action: Back handler - Message id: 158 - User: WhiteJohny
2025-04-29 00:43:15,396 - telegram_bot - INFO - !!!!!!!!!!!!!Бот остановлен!!!!!!!!!!!!!
2025-04-29 00:43:18,999 - telegram_bot - INFO - !!!!!!!!!!!!!Бот запущен!!!!!!!!!!!!!
2025-04-29 00:43:24,105 - telegram_bot - INFO - Action: Start command - Message id: 161 - User: WhiteJohny
2025-04-29 00:43:25,420 - telegram_bot - INFO - Action: Track analysis handler - Message id: 163 - User: WhiteJohny
2025-04-29 00:43:26,552 - telegram_bot - INFO - Action: Back handler - Message id: 165 - User: WhiteJohny
2025-04-29 00:43:36,358 - telegram_bot - INFO - Action: Track analysis handler - Message id: 167 - User: WhiteJohny
2025-04-29 00:43:37,118 - telegram_bot - INFO - Action: Back handler - Message id: 169 - User: WhiteJohny
2025-04-29 00:43:45,860 - telegram_bot - INFO - Action: Help command - Message id: 171 - User: WhiteJohny
2025-04-29 00:46:36,184 - telegram_bot - INFO - !!!!!!!!!!!!!Бот остановлен!!!!!!!!!!!!!
2025-04-29 00:46:39,556 - telegram_bot - INFO - !!!!!!!!!!!!!Бот запущен!!!!!!!!!!!!!
2025-04-29 00:46:51,234 - telegram_bot - INFO - Action: Start command - Message id: 175 - User: WhiteJohny
2025-04-29 00:46:53,830 - telegram_bot - INFO - Action: Track analysis handler - Message id: 177 - User: WhiteJohny
2025-04-29 00:46:54,717 - telegram_bot - INFO - Action: Back handler - Message id: 179 - User: WhiteJohny
2025-04-29 00:47:54,658 - telegram_bot - INFO - !!!!!!!!!!!!!Бот остановлен!!!!!!!!!!!!!
2025-04-29 00:47:57,956 - telegram_bot - INFO - !!!!!!!!!!!!!Бот запущен!!!!!!!!!!!!!
2025-04-29 00:48:08,972 - telegram_bot - INFO - Action: Start command - Message id: 187 - User: WhiteJohny
2025-04-29 00:48:17,329 - telegram_bot - INFO - Action: Profile handler - Message id: 189 - User: WhiteJohny
2025-04-29 00:48:21,341 - telegram_bot - INFO - Action: Back handler - Message id: 191 - User: WhiteJohny
2025-04-29 00:48:30,229 - telegram_bot - INFO - Action: Back handler - Message id: 192 - User: WhiteJohny
2025-04-29 00:48:56,592 - telegram_bot - INFO - !!!!!!!!!!!!!Бот остановлен!!!!!!!!!!!!!
2025-04-29 00:48:59,921 - telegram_bot - INFO - !!!!!!!!!!!!!Бот запущен!!!!!!!!!!!!!
2025-04-29 00:49:07,579 - telegram_bot - INFO - Action: Start command - Message id: 195 - User: WhiteJohny
2025-04-29 00:49:09,959 - telegram_bot - INFO - Action: Profile handler - Message id: 197 - User: WhiteJohny
2025-04-29 00:49:13,168 - telegram_bot - INFO - Action: Back handler - Message id: 199 - User: WhiteJohny
2025-04-29 00:49:45,430 - telegram_bot - INFO - !!!!!!!!!!!!!Бот остановлен!!!!!!!!!!!!!
2025-04-29 00:49:48,840 - telegram_bot - INFO - !!!!!!!!!!!!!Бот запущен!!!!!!!!!!!!!
2025-04-29 00:49:56,365 - telegram_bot - INFO - Action: Start command - Message id: 202 - User: WhiteJohny
2025-04-29 00:49:58,139 - telegram_bot - INFO - Action: Profile handler - Message id: 204 - User: WhiteJohny
2025-04-29 00:49:59,099 - telegram_bot - INFO - Action: Back handler - Message id: 206 - User: WhiteJohny
2025-04-29 00:50:07,328 - telegram_bot - INFO - Action: Track analysis handler - Message id: 208 - User: WhiteJohny
2025-04-29 00:51:02,694 - telegram_bot - INFO - Action: Track analysis process file - Message id: 210 - User: WhiteJohny
2025-04-29 00:52:10,590 - telegram_bot - INFO - Action: Back handler - Message id: 212 - User: WhiteJohny
2025-04-29 00:52:12,719 - telegram_bot - INFO - Action: Profile handler - Message id: 214 - User: WhiteJohny
2025-04-29 00:52:16,311 - telegram_bot - INFO - Action: Back handler - Message id: 216 - User: WhiteJohny
2025-04-29 00:57:14,835 - telegram_bot - INFO - !!!!!!!!!!!!!Бот остановлен!!!!!!!!!!!!!
2025-04-29 01:02:39,458 - telegram_bot - INFO - !!!!!!!!!!!!!Бот запущен!!!!!!!!!!!!!
2025-04-29 01:02:42,587 - telegram_bot - INFO - Action: Start command - Message id: 220 - User: WhiteJohny
2025-04-29 01:02:46,127 - telegram_bot - INFO - Action: Profile handler - Message id: 222 - User: WhiteJohny
2025-04-29 01:02:57,158 - telegram_bot - INFO - !!!!!!!!!!!!!Бот остановлен!!!!!!!!!!!!!
2025-04-29 01:09:18,667 - telegram_bot - INFO - !!!!!!!!!!!!!Бот запущен!!!!!!!!!!!!!
2025-04-29 01:09:20,584 - telegram_bot - INFO - Action: Start command - Message id: 227 - User: WhiteJohny
2025-04-29 01:09:22,086 - telegram_bot - INFO - Action: Profile handler - Message id: 229 - User: WhiteJohny
2025-04-29 01:10:05,594 - telegram_bot - INFO - !!!!!!!!!!!!!Бот остановлен!!!!!!!!!!!!!
2025-04-29 01:10:08,984 - telegram_bot - INFO - !!!!!!!!!!!!!Бот запущен!!!!!!!!!!!!!
2025-04-29 01:10:12,442 - telegram_bot - INFO - Action: Start command - Message id: 234 - User: WhiteJohny
2025-04-29 01:10:13,852 - telegram_bot - INFO - Action: Profile handler - Message id: 236 - User: WhiteJohny
2025-04-29 01:10:16,294 - telegram_bot - INFO - Action: Back handler - Message id: 238 - User: WhiteJohny
2025-04-29 01:10:17,150 - telegram_bot - INFO - Action: Profile handler - Message id: 240 - User: WhiteJohny
2025-04-29 01:10:18,030 - telegram_bot - INFO - Action: Playlists handler - Message id: 242 - User: WhiteJohny
2025-04-29 01:10:39,443 - telegram_bot - INFO - !!!!!!!!!!!!!Бот остановлен!!!!!!!!!!!!!
2025-04-29 01:10:42,803 - telegram_bot - INFO - !!!!!!!!!!!!!Бот запущен!!!!!!!!!!!!!
2025-04-29 01:10:45,677 - telegram_bot - INFO - Action: Start command - Message id: 245 - User: WhiteJohny
2025-04-29 01:10:46,934 - telegram_bot - INFO - Action: Profile handler - Message id: 247 - User: WhiteJohny
2025-04-29 01:10:48,199 - telegram_bot - INFO - Action: Playlists handler - Message id: 249 - User: WhiteJohny
2025-04-29 01:12:12,909 - telegram_bot - INFO - !!!!!!!!!!!!!Бот остановлен!!!!!!!!!!!!!
2025-04-29 01:12:16,300 - telegram_bot - INFO - !!!!!!!!!!!!!Бот запущен!!!!!!!!!!!!!
2025-04-29 01:12:19,807 - telegram_bot - INFO - Action: Start command - Message id: 253 - User: WhiteJohny
2025-04-29 01:12:22,534 - telegram_bot - INFO - Action: Track analysis handler - Message id: 255 - User: WhiteJohny
2025-04-29 01:12:23,405 - telegram_bot - INFO - Action: Back handler - Message id: 257 - User: WhiteJohny
2025-04-29 01:12:23,979 - telegram_bot - INFO - Action: Profile handler - Message id: 259 - User: WhiteJohny
2025-04-29 01:12:27,956 - telegram_bot - INFO - Action: Playlists handler - Message id: 261 - User: WhiteJohny
2025-04-29 01:23:26,384 - telegram_bot - INFO - !!!!!!!!!!!!!Бот остановлен!!!!!!!!!!!!!
2025-04-29 01:34:05,098 - telegram_bot - INFO - Action: Start bot - Additional info: !!!!!!!!!!!!!Бот запущен!!!!!!!!!!!!!
2025-04-29 01:34:13,776 - telegram_bot - INFO - Action: Garbage handler - Message id: 265 - User: WhiteJohny
2025-04-29 01:34:16,504 - telegram_bot - INFO - Action: Start command - Message id: 267 - User: WhiteJohny
2025-04-29 01:34:19,167 - telegram_bot - INFO - Action: Profile handler - Message id: 269 - User: WhiteJohny
2025-04-29 01:34:20,067 - telegram_bot - INFO - Action: Playlists handler - Message id: 271 - User: WhiteJohny
2025-04-29 01:34:22,202 - telegram_bot - INFO - Action: Back handler - Message id: 273 - User: WhiteJohny
2025-04-29 01:34:46,151 - telegram_bot - INFO - Action: Garbage handler - Message id: 275 - User: WhiteJohny
2025-04-29 01:34:47,884 - telegram_bot - INFO - Action: Back handler - Message id: 276 - User: WhiteJohny
2025-04-29 01:34:53,329 - telegram_bot - INFO - Action: Track analysis handler - Message id: 278 - User: WhiteJohny
2025-04-29 01:35:12,430 - telegram_bot - INFO - Action: Track analysis process file - Message id: 280 - User: WhiteJohny
2025-04-29 01:35:25,584 - telegram_bot - INFO - Action: Back handler - Message id: 282 - User: WhiteJohny
2025-04-29 01:35:31,470 - telegram_bot - INFO - Action: Stop bot - Additional info: !!!!!!!!!!!!!Бот остановлен!!!!!!!!!!!!!
2025-04-29 16:44:08,190 - telegram_bot - INFO - Action: Start bot - Additional info: !!!!!!!!!!!!!Бот запущен!!!!!!!!!!!!!
2025-04-29 16:44:52,501 - telegram_bot - INFO - Action: Garbage handler - Message id: 289 - User: WhiteJohny
2025-04-29 16:44:55,733 - telegram_bot - INFO - Action: Garbage handler - Message id: 291 - User: WhiteJohny
2025-04-29 16:45:03,415 - telegram_bot - INFO - Action: Start command - Message id: 293 - User: WhiteJohny
2025-04-29 16:45:10,391 - telegram_bot - INFO - Action: Profile handler - Message id: 295 - User: WhiteJohny
2025-04-29 16:45:17,699 - telegram_bot - INFO - Action: Playlists handler - Message id: 297 - User: WhiteJohny
2025-04-29 16:45:20,234 - telegram_bot - INFO - Action: Audio list handler - Message id: 298 - User: WhiteJohny
2025-04-29 16:45:38,492 - telegram_bot - INFO - Action: Back handler - Message id: 299 - User: WhiteJohny
2025-04-29 16:45:42,024 - telegram_bot - INFO - Action: Playlists handler - Message id: 301 - User: WhiteJohny
2025-04-29 16:47:47,194 - telegram_bot - INFO - Action: Stop bot - Additional info: !!!!!!!!!!!!!Бот остановлен!!!!!!!!!!!!!
2025-04-29 16:47:50,127 - telegram_bot - INFO - Action: Start bot - Additional info: !!!!!!!!!!!!!Бот запущен!!!!!!!!!!!!!
2025-04-29 16:48:04,783 - telegram_bot - INFO - Action: Start command - Message id: 305 - User: WhiteJohny
2025-04-29 16:48:12,355 - telegram_bot - INFO - Action: Back handler - Message id: 306 - User: WhiteJohny
2025-04-29 16:48:16,056 - telegram_bot - INFO - Action: Help command - Message id: 307 - User: WhiteJohny
2025-04-29 16:48:18,833 - telegram_bot - INFO - Action: Start command - Message id: 309 - User: WhiteJohny
2025-04-29 16:48:38,191 - telegram_bot - INFO - Action: Profile handler - Message id: 311 - User: WhiteJohny
2025-04-29 16:48:40,448 - telegram_bot - INFO - Action: Playlists handler - Message id: 313 - User: WhiteJohny
2025-04-29 16:48:42,565 - telegram_bot - INFO - Action: Audio list handler - Message id: 314 - User: WhiteJohny
2025-04-29 16:50:18,960 - telegram_bot - INFO - Action: Garbage handler - Message id: 316 - User: WhiteJohny
2025-04-29 16:50:20,561 - telegram_bot - INFO - Action: Back handler - Message id: 317 - User: WhiteJohny
2025-04-29 16:50:24,401 - telegram_bot - INFO - Action: Garbage handler - Message id: 319 - User: WhiteJohny
2025-04-29 16:50:25,604 - telegram_bot - INFO - Action: Back handler - Message id: 320 - User: WhiteJohny
2025-04-29 16:50:26,360 - telegram_bot - INFO - Action: Track analysis handler - Message id: 322 - User: WhiteJohny
2025-04-29 16:50:27,044 - telegram_bot - INFO - Action: Back handler - Message id: 324 - User: WhiteJohny
2025-04-29 16:50:27,778 - telegram_bot - INFO - Action: Profile handler - Message id: 326 - User: WhiteJohny
2025-04-29 17:02:55,932 - telegram_bot - INFO - Action: Stop bot - Additional info: !!!!!!!!!!!!!Бот остановлен!!!!!!!!!!!!!
2025-04-29 17:04:29,223 - telegram_bot - INFO - Action: Start bot - Additional info: !!!!!!!!!!!!!Бот запущен!!!!!!!!!!!!!
2025-04-29 17:04:35,056 - telegram_bot - INFO - Action: Stop bot - Additional info: !!!!!!!!!!!!!Бот остановлен!!!!!!!!!!!!!
2025-04-29 17:04:39,116 - telegram_bot - INFO - Action: Start bot - Additional info: !!!!!!!!!!!!!Бот запущен!!!!!!!!!!!!!
2025-04-29 17:04:55,427 - telegram_bot - INFO - Action: Start command - Message id: 333 - User: WhiteJohny
2025-04-29 17:04:57,335 - telegram_bot - INFO - Action: Profile handler - Message id: 335 - User: WhiteJohny
2025-04-29 17:04:59,371 - telegram_bot - INFO - Action: Playlists handler - Message id: 337 - User: WhiteJohny
2025-04-29 17:05:00,501 - telegram_bot - INFO - Action: Audio list handler - Message id: 338 - User: WhiteJohny
2025-04-29 17:06:55,883 - telegram_bot - INFO - Action: Stop bot - Additional info: !!!!!!!!!!!!!Бот остановлен!!!!!!!!!!!!!
2025-04-29 17:06:58,728 - telegram_bot - INFO - Action: Start bot - Additional info: !!!!!!!!!!!!!Бот запущен!!!!!!!!!!!!!
2025-04-29 17:07:06,780 - telegram_bot - INFO - Action: Back handler - Message id: 342 - User: WhiteJohny
2025-04-29 17:07:12,133 - telegram_bot - INFO - Action: Garbage handler - Message id: 343 - User: WhiteJohny
2025-04-29 17:07:13,809 - telegram_bot - INFO - Action: Start command - Message id: 345 - User: WhiteJohny
2025-04-29 17:07:25,333 - telegram_bot - INFO - Action: Profile handler - Message id: 347 - User: WhiteJohny
2025-04-29 17:07:26,813 - telegram_bot - INFO - Action: Playlists handler - Message id: 349 - User: WhiteJohny
2025-04-29 17:07:27,818 - telegram_bot - INFO - Action: Audio list handler - Message id: 350 - User: WhiteJohny
2025-04-29 17:07:29,384 - telegram_bot - INFO - Action: Audio handler - Message id: 351 - User: WhiteJohny
2025-04-29 17:07:31,712 - telegram_bot - INFO - Action: Audio handler - Message id: 351 - User: WhiteJohny
2025-04-29 17:07:32,644 - telegram_bot - INFO - Action: Audio handler - Message id: 351 - User: WhiteJohny
2025-04-29 17:11:53,587 - telegram_bot - INFO - Action: Garbage handler - Message id: 355 - User: WhiteJohny
2025-04-29 17:11:54,379 - telegram_bot - INFO - Action: Garbage handler - Message id: 356 - User: WhiteJohny
2025-04-29 17:11:59,630 - telegram_bot - INFO - Action: Garbage handler - Message id: 357 - User: WhiteJohny
2025-04-29 17:12:05,254 - telegram_bot - INFO - Action: Back handler - Message id: 358 - User: WhiteJohny
2025-04-29 17:12:08,507 - telegram_bot - INFO - Action: Playlists handler - Message id: 360 - User: WhiteJohny
2025-04-29 17:13:12,475 - telegram_bot - INFO - Action: Stop bot - Additional info: !!!!!!!!!!!!!Бот остановлен!!!!!!!!!!!!!
2025-04-29 17:13:36,328 - telegram_bot - INFO - Action: Start bot - Additional info: !!!!!!!!!!!!!Бот запущен!!!!!!!!!!!!!
2025-04-29 17:13:43,849 - telegram_bot - INFO - Action: Garbage handler - Message id: 364 - User: WhiteJohny
2025-04-29 17:13:46,668 - telegram_bot - INFO - Action: Start command - Message id: 366 - User: WhiteJohny
2025-04-29 17:13:48,362 - telegram_bot - INFO - Action: Profile handler - Message id: 368 - User: WhiteJohny
2025-04-29 17:13:54,735 - telegram_bot - INFO - Action: Playlists handler - Message id: 370 - User: WhiteJohny
2025-04-29 17:14:01,082 - telegram_bot - INFO - Action: Back handler - Message id: 372 - User: WhiteJohny
2025-04-29 17:14:03,837 - telegram_bot - INFO - Action: Profile handler - Message id: 374 - User: WhiteJohny
2025-04-29 17:17:21,864 - telegram_bot - INFO - Action: Audio list handler - Message id: 371 - User: WhiteJohny
2025-04-29 17:22:17,555 - telegram_bot - INFO - Action: Stop bot - Additional info: !!!!!!!!!!!!!Бот остановлен!!!!!!!!!!!!!
2025-04-29 17:22:20,392 - telegram_bot - INFO - Action: Start bot - Additional info: !!!!!!!!!!!!!Бот запущен!!!!!!!!!!!!!
2025-04-29 17:22:25,282 - telegram_bot - INFO - Action: Start command - Message id: 379 - User: WhiteJohny
2025-04-29 17:22:26,805 - telegram_bot - INFO - Action: Profile handler - Message id: 381 - User: WhiteJohny
2025-04-29 17:22:27,840 - telegram_bot - INFO - Action: Playlists handler - Message id: 383 - User: WhiteJohny
2025-04-29 17:22:32,880 - telegram_bot - INFO - Action: Back handler - Message id: 385 - User: WhiteJohny
2025-04-29 17:22:35,958 - telegram_bot - INFO - Action: Playlists handler - Message id: 387 - User: WhiteJohny
2025-04-29 17:22:38,989 - telegram_bot - INFO - Action: Audio list handler - Message id: 388 - User: WhiteJohny
2025-04-29 17:22:40,451 - telegram_bot - INFO - Action: Back handler - Message id: 390 - User: WhiteJohny
2025-04-29 17:25:33,421 - telegram_bot - INFO - Action: Playlists handler - Message id: 392 - User: WhiteJohny
2025-04-29 17:25:41,766 - telegram_bot - INFO - Action: Audio handler - Message id: 389 - User: WhiteJohny
2025-04-29 17:25:45,135 - telegram_bot - INFO - Action: Audio list handler - Message id: 393 - User: WhiteJohny
2025-04-29 17:33:21,270 - telegram_bot - INFO - Action: Stop bot - Additional info: !!!!!!!!!!!!!Бот остановлен!!!!!!!!!!!!!
2025-04-29 17:36:03,796 - telegram_bot - INFO - Action: Start bot - Additional info: !!!!!!!!!!!!!Бот запущен!!!!!!!!!!!!!
2025-04-29 17:36:09,917 - telegram_bot - INFO - Action: Garbage handler - Message id: 398 - User: WhiteJohny
2025-04-29 17:36:12,157 - telegram_bot - INFO - Action: Start command - Message id: 400 - User: WhiteJohny
2025-04-29 17:36:14,115 - telegram_bot - INFO - Action: Profile handler - Message id: 402 - User: WhiteJohny
2025-04-29 17:36:16,936 - telegram_bot - INFO - Action: Back handler - Message id: 404 - User: WhiteJohny
2025-04-29 17:36:17,786 - telegram_bot - INFO - Action: Track analysis handler - Message id: 406 - User: WhiteJohny
2025-04-29 17:36:18,429 - telegram_bot - INFO - Action: Back handler - Message id: 408 - User: WhiteJohny
2025-04-29 17:36:18,943 - telegram_bot - INFO - Action: Profile handler - Message id: 410 - User: WhiteJohny
2025-04-29 17:36:19,743 - telegram_bot - INFO - Action: Playlists handler - Message id: 412 - User: WhiteJohny
2025-04-29 17:36:22,501 - telegram_bot - INFO - Action: Back handler - Message id: 414 - User: WhiteJohny
2025-04-29 17:38:46,260 - telegram_bot - INFO - Action: Audio list handler - Message id: 413 - User: WhiteJohny
2025-04-29 17:38:55,734 - telegram_bot - INFO - Action: Back handler - Message id: 417 - User: WhiteJohny
2025-04-29 17:38:59,471 - telegram_bot - INFO - Action: Profile handler - Message id: 419 - User: WhiteJohny
2025-04-29 17:39:01,462 - telegram_bot - INFO - Action: Audio handler - Message id: 416 - User: WhiteJohny
2025-04-29 17:39:02,774 - telegram_bot - INFO - Action: Audio handler - Message id: 416 - User: WhiteJohny
2025-04-29 17:39:03,401 - telegram_bot - INFO - Action: Audio handler - Message id: 416 - User: WhiteJohny
2025-04-29 17:39:05,339 - telegram_bot - INFO - Action: Playlists handler - Message id: 424 - User: WhiteJohny
2025-04-29 17:39:06,476 - telegram_bot - INFO - Action: Audio list handler - Message id: 425 - User: WhiteJohny
2025-04-29 17:39:08,767 - telegram_bot - INFO - Action: Back handler - Message id: 427 - User: WhiteJohny
2025-04-29 17:39:36,259 - telegram_bot - INFO - Action: Stop bot - Additional info: !!!!!!!!!!!!!Бот остановлен!!!!!!!!!!!!!
2025-04-29 17:41:21,517 - telegram_bot - INFO - Action: Start bot - Additional info: !!!!!!!!!!!!!Бот запущен!!!!!!!!!!!!!
2025-04-29 17:41:28,895 - telegram_bot - INFO - Action: Start command - Message id: 431 - User: WhiteJohny
2025-04-29 17:41:31,127 - telegram_bot - INFO - Action: Profile handler - Message id: 433 - User: WhiteJohny
2025-04-29 17:41:32,356 - telegram_bot - INFO - Action: Playlists handler - Message id: 435 - User: WhiteJohny
2025-04-29 17:41:33,546 - telegram_bot - INFO - Action: Back handler - Message id: 437 - User: WhiteJohny
2025-04-29 17:41:35,023 - telegram_bot - INFO - Action: Profile handler - Message id: 439 - User: WhiteJohny
2025-04-29 17:41:43,620 - telegram_bot - INFO - Action: Back handler - Message id: 441 - User: WhiteJohny
2025-04-29 17:41:51,213 - telegram_bot - INFO - Action: Stop bot - Additional info: !!!!!!!!!!!!!Бот остановлен!!!!!!!!!!!!!
2025-04-29 17:42:47,871 - telegram_bot - INFO - Action: Start bot - Additional info: !!!!!!!!!!!!!Бот запущен!!!!!!!!!!!!!
2025-04-29 17:42:54,400 - telegram_bot - INFO - Action: Garbage handler - Message id: 445 - User: WhiteJohny
2025-04-29 17:42:55,397 - telegram_bot - INFO - Action: Start command - Message id: 447 - User: WhiteJohny
2025-04-29 17:42:56,766 - telegram_bot - INFO - Action: Profile handler - Message id: 449 - User: WhiteJohny
2025-04-29 17:42:58,433 - telegram_bot - INFO - Action: Playlists handler - Message id: 451 - User: WhiteJohny
2025-04-29 17:43:01,842 - telegram_bot - INFO - Action: Audio list handler - Message id: 452 - User: WhiteJohny
2025-04-29 17:43:27,271 - telegram_bot - INFO - Action: Stop bot - Additional info: !!!!!!!!!!!!!Бот остановлен!!!!!!!!!!!!!
2025-04-29 17:46:37,928 - telegram_bot - INFO - Action: Start bot - Additional info: !!!!!!!!!!!!!Бот запущен!!!!!!!!!!!!!
2025-04-29 17:46:45,104 - telegram_bot - INFO - Action: Start command - Message id: 456 - User: WhiteJohny
2025-04-29 17:46:47,265 - telegram_bot - INFO - Action: Profile handler - Message id: 458 - User: WhiteJohny
2025-04-29 17:46:48,657 - telegram_bot - INFO - Action: Playlists handler - Message id: 460 - User: WhiteJohny
2025-04-29 17:46:55,548 - telegram_bot - INFO - Action: Back handler - Message id: 462 - User: WhiteJohny
2025-04-29 17:46:57,996 - telegram_bot - INFO - Action: Track analysis handler - Message id: 464 - User: WhiteJohny
2025-04-29 17:46:59,068 - telegram_bot - INFO - Action: Back handler - Message id: 466 - User: WhiteJohny
2025-04-29 17:47:37,581 - telegram_bot - INFO - Action: Stop bot - Additional info: !!!!!!!!!!!!!Бот остановлен!!!!!!!!!!!!!
2025-04-29 17:56:58,709 - telegram_bot - INFO - Action: Start bot - Additional info: !!!!!!!!!!!!!Бот запущен!!!!!!!!!!!!!
2025-04-29 17:57:02,509 - telegram_bot - INFO - Action: Start command - Message id: 470 - User: WhiteJohny
2025-04-29 17:57:05,642 - telegram_bot - INFO - Action: Profile handler - Message id: 472 - User: WhiteJohny
2025-04-29 17:57:09,847 - telegram_bot - INFO - Action: Garbage handler - Message id: 474 - User: WhiteJohny
2025-04-29 17:57:11,265 - telegram_bot - INFO - Action: Playlists handler - Message id: 475 - User: WhiteJohny
2025-04-29 17:57:16,669 - telegram_bot - INFO - Action: Audio list handler - Message id: 476 - User: WhiteJohny
2025-04-29 18:13:45,245 - telegram_bot - INFO - Action: Stop bot - Additional info: !!!!!!!!!!!!!Бот остановлен!!!!!!!!!!!!!
2025-04-29 18:14:00,126 - telegram_bot - INFO - Action: Start bot - Additional info: !!!!!!!!!!!!!Бот запущен!!!!!!!!!!!!!
2025-04-29 18:14:18,754 - telegram_bot - INFO - Action: Start command - Message id: 480 - User: WhiteJohny
2025-04-29 18:14:20,353 - telegram_bot - INFO - Action: Profile handler - Message id: 482 - User: WhiteJohny
2025-04-29 18:14:21,760 - telegram_bot - INFO - Action: Playlists handler - Message id: 484 - User: WhiteJohny
2025-04-29 18:14:23,172 - telegram_bot - INFO - Action: Playlists page handler - Message id: 485 - User: WhiteJohny
2025-04-29 18:15:07,859 - telegram_bot - INFO - Action: Stop bot - Additional info: !!!!!!!!!!!!!Бот остановлен!!!!!!!!!!!!!
2025-04-29 18:15:10,773 - telegram_bot - INFO - Action: Start bot - Additional info: !!!!!!!!!!!!!Бот запущен!!!!!!!!!!!!!
2025-04-29 18:15:13,453 - telegram_bot - INFO - Action: Start command - Message id: 488 - User: WhiteJohny
2025-04-29 18:15:14,385 - telegram_bot - INFO - Action: Profile handler - Message id: 490 - User: WhiteJohny
2025-04-29 18:15:15,543 - telegram_bot - INFO - Action: Playlists handler - Message id: 492 - User: WhiteJohny
2025-04-29 18:15:16,276 - telegram_bot - INFO - Action: Playlists page handler - Message id: 493 - User: WhiteJohny
2025-04-29 18:15:18,835 - telegram_bot - INFO - Action: Playlists page handler - Message id: 494 - User: WhiteJohny
2025-04-29 18:15:20,212 - telegram_bot - INFO - Action: Playlists page handler - Message id: 495 - User: WhiteJohny
2025-04-29 18:15:20,943 - telegram_bot - INFO - Action: Playlists page handler - Message id: 496 - User: WhiteJohny
2025-04-29 18:15:22,520 - telegram_bot - INFO - Action: Audio list handler - Message id: 497 - User: WhiteJohny
2025-04-29 18:15:27,422 - telegram_bot - INFO - Action: Audio list handler - Message id: 498 - User: WhiteJohny
2025-04-29 18:15:55,237 - telegram_bot - INFO - Action: Stop bot - Additional info: !!!!!!!!!!!!!Бот остановлен!!!!!!!!!!!!!
2025-04-29 18:15:58,178 - telegram_bot - INFO - Action: Start bot - Additional info: !!!!!!!!!!!!!Бот запущен!!!!!!!!!!!!!
2025-04-29 18:15:59,283 - telegram_bot - INFO - Action: Start command - Message id: 501 - User: WhiteJohny
2025-04-29 18:16:00,080 - telegram_bot - INFO - Action: Profile handler - Message id: 503 - User: WhiteJohny
2025-04-29 18:16:01,436 - telegram_bot - INFO - Action: Playlists handler - Message id: 505 - User: WhiteJohny
2025-04-29 18:16:02,429 - telegram_bot - INFO - Action: Playlists page handler - Message id: 506 - User: WhiteJohny
2025-04-29 18:16:03,712 - telegram_bot - INFO - Action: Audio list handler - Message id: 507 - User: WhiteJohny
2025-04-29 18:16:07,094 - telegram_bot - INFO - Action: Audio list handler - Message id: 508 - User: WhiteJohny
2025-04-29 18:16:39,545 - telegram_bot - INFO - Action: Stop bot - Additional info: !!!!!!!!!!!!!Бот остановлен!!!!!!!!!!!!!
2025-04-29 18:16:42,451 - telegram_bot - INFO - Action: Start bot - Additional info: !!!!!!!!!!!!!Бот запущен!!!!!!!!!!!!!
2025-04-29 18:16:46,871 - telegram_bot - INFO - Action: Back handler - Message id: 510 - User: WhiteJohny
2025-04-29 18:16:46,872 - telegram_bot - INFO - Action: Garbage handler - Message id: 512 - User: WhiteJohny
2025-04-29 18:16:49,929 - telegram_bot - INFO - Action: Start command - Message id: 514 - User: WhiteJohny
2025-04-29 18:16:52,042 - telegram_bot - INFO - Action: Profile handler - Message id: 516 - User: WhiteJohny
2025-04-29 18:16:54,667 - telegram_bot - INFO - Action: Playlists handler - Message id: 518 - User: WhiteJohny
2025-04-29 18:16:56,884 - telegram_bot - INFO - Action: Playlists page handler - Message id: 519 - User: WhiteJohny
2025-04-29 18:16:57,953 - telegram_bot - INFO - Action: Audio list handler - Message id: 520 - User: WhiteJohny
2025-04-29 18:31:01,028 - telegram_bot - INFO - Action: Stop bot - Additional info: !!!!!!!!!!!!!Бот остановлен!!!!!!!!!!!!!
2025-04-29 18:32:24,120 - telegram_bot - INFO - Action: Start bot - Additional info: !!!!!!!!!!!!!Бот запущен!!!!!!!!!!!!!
2025-04-29 18:32:27,195 - telegram_bot - INFO - Action: Garbage handler - Message id: 523 - User: WhiteJohny
2025-04-29 18:32:28,377 - telegram_bot - INFO - Action: Start command - Message id: 525 - User: WhiteJohny
2025-04-29 18:32:29,477 - telegram_bot - INFO - Action: Profile handler - Message id: 527 - User: WhiteJohny
2025-04-29 18:32:30,101 - telegram_bot - INFO - Action: Playlists handler - Message id: 529 - User: WhiteJohny
2025-04-29 18:32:31,298 - telegram_bot - INFO - Action: Playlists page handler - Message id: 530 - User: WhiteJohny
2025-04-29 18:32:32,287 - telegram_bot - INFO - Action: Playlists page handler - Message id: 531 - User: WhiteJohny
2025-04-29 18:32:33,679 - telegram_bot - INFO - Action: Playlists page handler - Message id: 532 - User: WhiteJohny
2025-04-29 18:32:34,702 - telegram_bot - INFO - Action: Playlists page handler - Message id: 533 - User: WhiteJohny
2025-04-29 18:32:36,102 - telegram_bot - INFO - Action: Playlists page handler - Message id: 534 - User: WhiteJohny
2025-04-29 18:32:40,389 - telegram_bot - INFO - Action: Playlists page handler - Message id: 535 - User: WhiteJohny
2025-04-29 18:32:41,286 - telegram_bot - INFO - Action: Playlists page handler - Message id: 536 - User: WhiteJohny
2025-04-29 18:32:42,916 - telegram_bot - INFO - Action: Playlists page handler - Message id: 537 - User: WhiteJohny
2025-04-29 18:34:23,584 - telegram_bot - INFO - Action: Playlists page handler - Message id: 538 - User: WhiteJohny
2025-04-29 18:35:47,143 - telegram_bot - INFO - Action: Stop bot - Additional info: !!!!!!!!!!!!!Бот остановлен!!!!!!!!!!!!!
2025-04-29 18:35:50,154 - telegram_bot - INFO - Action: Start bot - Additional info: !!!!!!!!!!!!!Бот запущен!!!!!!!!!!!!!
2025-04-29 18:35:52,755 - telegram_bot - INFO - Action: Start command - Message id: 542 - User: WhiteJohny
2025-04-29 18:35:53,696 - telegram_bot - INFO - Action: Profile handler - Message id: 544 - User: WhiteJohny
2025-04-29 18:35:54,903 - telegram_bot - INFO - Action: Playlists handler - Message id: 546 - User: WhiteJohny
2025-04-29 18:35:56,018 - telegram_bot - INFO - Action: Playlists page handler - Message id: 547 - User: WhiteJohny
2025-04-29 18:35:57,526 - telegram_bot - INFO - Action: Audio list handler - Message id: 548 - User: WhiteJohny
2025-04-29 18:36:27,576 - telegram_bot - INFO - Action: Stop bot - Additional info: !!!!!!!!!!!!!Бот остановлен!!!!!!!!!!!!!
2025-04-29 18:36:30,498 - telegram_bot - INFO - Action: Start bot - Additional info: !!!!!!!!!!!!!Бот запущен!!!!!!!!!!!!!
2025-04-29 18:36:34,562 - telegram_bot - INFO - Action: Start command - Message id: 551 - User: WhiteJohny
2025-04-29 18:36:35,653 - telegram_bot - INFO - Action: Profile handler - Message id: 553 - User: WhiteJohny
2025-04-29 18:36:36,688 - telegram_bot - INFO - Action: Playlists handler - Message id: 555 - User: WhiteJohny
2025-04-29 18:36:37,612 - telegram_bot - INFO - Action: Playlists page handler - Message id: 556 - User: WhiteJohny
2025-04-29 18:36:38,759 - telegram_bot - INFO - Action: Audio list handler - Message id: 557 - User: WhiteJohny
2025-04-29 18:36:40,478 - telegram_bot - INFO - Action: Audio list handler - Message id: 558 - User: WhiteJohny
2025-04-29 18:36:41,394 - telegram_bot - INFO - Action: Audio list handler - Message id: 559 - User: WhiteJohny
2025-04-29 18:36:44,194 - telegram_bot - INFO - Action: Audio handler - Message id: 560 - User: WhiteJohny
2025-04-29 18:36:46,190 - telegram_bot - INFO - Action: Audio list handler - Message id: 560 - User: WhiteJohny
2025-04-29 18:36:56,887 - telegram_bot - INFO - Action: Stop bot - Additional info: !!!!!!!!!!!!!Бот остановлен!!!!!!!!!!!!!
2025-04-29 18:37:20,441 - telegram_bot - INFO - Action: Start bot - Additional info: !!!!!!!!!!!!!Бот запущен!!!!!!!!!!!!!
2025-04-29 18:37:24,681 - telegram_bot - INFO - Action: Back handler - Message id: 565 - User: WhiteJohny
2025-04-29 18:37:26,290 - telegram_bot - INFO - Action: Garbage handler - Message id: 566 - User: WhiteJohny
2025-04-29 18:37:28,930 - telegram_bot - INFO - Action: Start command - Message id: 568 - User: WhiteJohny
2025-04-29 18:37:33,854 - telegram_bot - INFO - Action: Profile handler - Message id: 570 - User: WhiteJohny
2025-04-29 18:37:36,288 - telegram_bot - INFO - Action: Playlists handler - Message id: 572 - User: WhiteJohny
2025-04-29 18:37:37,462 - telegram_bot - INFO - Action: Playlists page handler - Message id: 573 - User: WhiteJohny
2025-04-29 18:37:39,174 - telegram_bot - INFO - Action: Audio list handler - Message id: 574 - User: WhiteJohny
2025-04-29 18:37:41,810 - telegram_bot - INFO - Action: Audio list handler - Message id: 575 - User: WhiteJohny
2025-04-29 18:37:55,735 - telegram_bot - INFO - Action: Audio list handler - Message id: 576 - User: WhiteJohny
2025-04-29 18:38:00,054 - telegram_bot - INFO - Action: Audio list handler - Message id: 577 - User: WhiteJohny
2025-04-29 18:38:05,391 - telegram_bot - INFO - Action: Back handler - Message id: 579 - User: WhiteJohny
2025-04-29 18:38:07,589 - telegram_bot - INFO - Action: Track analysis handler - Message id: 581 - User: WhiteJohny
2025-04-29 18:38:13,096 - telegram_bot - INFO - Action: Back handler - Message id: 583 - User: WhiteJohny
2025-04-29 18:38:14,618 - telegram_bot - INFO - Action: Profile handler - Message id: 585 - User: WhiteJohny
2025-04-29 18:38:16,187 - telegram_bot - INFO - Action: Back handler - Message id: 587 - User: WhiteJohny
2025-04-29 18:38:19,586 - telegram_bot - INFO - Action: Stop bot - Additional info: !!!!!!!!!!!!!Бот остановлен!!!!!!!!!!!!!
2025-04-29 19:18:49,010 - telegram_bot - INFO - Action: Start bot - Additional info: !!!!!!!!!!!!!Бот запущен!!!!!!!!!!!!!
2025-04-29 19:19:04,757 - telegram_bot - INFO - Action: Start command - Message id: 592 - User: WhiteJohny
2025-04-29 19:19:06,465 - telegram_bot - INFO - Action: Profile handler - Message id: 594 - User: WhiteJohny
2025-04-29 19:19:26,718 - telegram_bot - INFO - Action: Playlists handler - Message id: 596 - User: WhiteJohny
2025-04-29 19:19:28,403 - telegram_bot - INFO - Action: Playlists page handler - Message id: 597 - User: WhiteJohny
2025-04-29 19:19:29,367 - telegram_bot - INFO - Action: Playlists page handler - Message id: 598 - User: WhiteJohny
2025-04-29 19:19:31,142 - telegram_bot - INFO - Action: Audio list handler - Message id: 599 - User: WhiteJohny
2025-04-29 19:19:34,333 - telegram_bot - INFO - Action: Audio list handler - Message id: 600 - User: WhiteJohny
2025-04-29 19:20:13,495 - telegram_bot - INFO - Action: Audio handler - Message id: 601 - User: WhiteJohny
2025-04-29 19:43:06,643 - telegram_bot - INFO - Action: Stop bot - Additional info: !!!!!!!!!!!!!Бот остановлен!!!!!!!!!!!!!
2025-04-29 19:45:03,530 - telegram_bot - INFO - Action: Start bot - Additional info: !!!!!!!!!!!!!Бот запущен!!!!!!!!!!!!!
2025-04-29 19:45:41,642 - telegram_bot - INFO - Action: Start command - Message id: 605 - User: WhiteJohny
2025-04-29 19:45:42,998 - telegram_bot - INFO - Action: Profile handler - Message id: 607 - User: WhiteJohny
2025-04-29 19:45:44,025 - telegram_bot - INFO - Action: Playlist creation handler - Message id: 609 - User: WhiteJohny
2025-04-29 19:45:45,860 - telegram_bot - INFO - Action: Back handler - Message id: 611 - User: WhiteJohny
2025-04-29 19:45:49,141 - telegram_bot - INFO - Action: Playlist creation handler - Message id: 613 - User: WhiteJohny
2025-04-29 19:45:55,418 - telegram_bot - INFO - Action: Playlist creation title handler - Message id: 615 - User: WhiteJohny
2025-04-29 19:46:04,357 - telegram_bot - INFO - Action: Playlists handler - Message id: 617 - User: WhiteJohny
2025-04-29 19:46:07,230 - telegram_bot - INFO - Action: Playlists page handler - Message id: 618 - User: WhiteJohny
2025-04-29 19:46:08,290 - telegram_bot - INFO - Action: Playlists page handler - Message id: 619 - User: WhiteJohny
2025-04-29 19:46:09,936 - telegram_bot - INFO - Action: Audio list handler - Message id: 620 - User: WhiteJohny
2025-04-29 19:48:43,881 - telegram_bot - INFO - Action: Stop bot - Additional info: !!!!!!!!!!!!!Бот остановлен!!!!!!!!!!!!!
2025-04-29 19:48:46,775 - telegram_bot - INFO - Action: Start bot - Additional info: !!!!!!!!!!!!!Бот запущен!!!!!!!!!!!!!
2025-04-29 19:48:52,973 - telegram_bot - INFO - Action: Start command - Message id: 624 - User: WhiteJohny
2025-04-29 19:48:54,474 - telegram_bot - INFO - Action: Profile handler - Message id: 626 - User: WhiteJohny
2025-04-29 19:48:56,542 - telegram_bot - INFO - Action: Playlists handler - Message id: 628 - User: WhiteJohny
2025-04-29 19:48:57,469 - telegram_bot - INFO - Action: Audio list handler - Message id: 629 - User: WhiteJohny
2025-04-29 19:48:59,140 - telegram_bot - INFO - Action: Audio add handler - Message id: 630 - User: WhiteJohny
2025-04-29 19:49:01,983 - telegram_bot - INFO - Action: Audio list handler - Message id: 630 - User: WhiteJohny
2025-04-29 19:49:04,844 - telegram_bot - INFO - Action: Audio list handler - Message id: 632 - User: WhiteJohny
2025-04-29 19:49:06,721 - telegram_bot - INFO - Action: Back handler - Message id: 634 - User: WhiteJohny
2025-04-29 19:49:08,324 - telegram_bot - INFO - Action: Profile handler - Message id: 636 - User: WhiteJohny
2025-04-29 19:49:10,984 - telegram_bot - INFO - Action: Playlists handler - Message id: 638 - User: WhiteJohny
2025-04-29 19:49:33,799 - telegram_bot - INFO - Action: Playlists page handler - Message id: 639 - User: WhiteJohny
2025-04-29 19:49:35,414 - telegram_bot - INFO - Action: Audio list handler - Message id: 640 - User: WhiteJohny
2025-04-29 19:49:37,158 - telegram_bot - INFO - Action: Audio list handler - Message id: 641 - User: WhiteJohny
2025-04-29 19:49:39,240 - telegram_bot - INFO - Action: Audio add handler - Message id: 642 - User: WhiteJohny
2025-04-29 19:49:51,650 - telegram_bot - INFO - Action: Audio list handler - Message id: 642 - User: WhiteJohny
2025-04-29 19:49:53,744 - telegram_bot - INFO - Action: Audio list handler - Message id: 644 - User: WhiteJohny
2025-04-29 19:51:56,388 - telegram_bot - INFO - Action: Stop bot - Additional info: !!!!!!!!!!!!!Бот остановлен!!!!!!!!!!!!!
2025-04-29 19:52:02,016 - telegram_bot - INFO - Action: Start bot - Additional info: !!!!!!!!!!!!!Бот запущен!!!!!!!!!!!!!
2025-04-29 19:52:05,592 - telegram_bot - INFO - Action: Start command - Message id: 648 - User: WhiteJohny
2025-04-29 19:52:08,861 - telegram_bot - INFO - Action: Profile handler - Message id: 650 - User: WhiteJohny
2025-04-29 19:52:11,792 - telegram_bot - INFO - Action: Playlists handler - Message id: 652 - User: WhiteJohny
2025-04-29 19:52:13,163 - telegram_bot - INFO - Action: Playlists page handler - Message id: 653 - User: WhiteJohny
2025-04-29 19:52:14,137 - telegram_bot - INFO - Action: Audio list handler - Message id: 654 - User: WhiteJohny
2025-04-29 19:52:15,175 - telegram_bot - INFO - Action: Audio add handler - Message id: 655 - User: WhiteJohny
2025-04-29 19:52:22,347 - telegram_bot - INFO - Action: Audio list handler - Message id: 655 - User: WhiteJohny
2025-04-29 19:52:27,919 - telegram_bot - INFO - Action: Playlists handler - Message id: 658 - User: WhiteJohny
2025-04-29 19:52:29,613 - telegram_bot - INFO - Action: Playlists page handler - Message id: 659 - User: WhiteJohny
2025-04-29 19:52:31,510 - telegram_bot - INFO - Action: Playlists page handler - Message id: 660 - User: WhiteJohny
2025-04-29 19:52:32,490 - telegram_bot - INFO - Action: Audio list handler - Message id: 661 - User: WhiteJohny
2025-04-29 19:52:40,472 - telegram_bot - INFO - Action: Audio handler - Message id: 662 - User: WhiteJohny
2025-04-29 19:52:42,517 - telegram_bot - INFO - Action: Playlist creation handler - Message id: 664 - User: WhiteJohny
2025-04-29 19:52:45,873 - telegram_bot - INFO - Action: Playlist creation title handler - Message id: 666 - User: WhiteJohny
2025-04-29 19:52:51,907 - telegram_bot - INFO - Action: Playlist creation handler - Message id: 668 - User: WhiteJohny
2025-04-29 19:52:56,143 - telegram_bot - INFO - Action: Playlist creation title handler - Message id: 670 - User: WhiteJohny
2025-04-29 19:53:06,016 - telegram_bot - INFO - Action: Back handler - Message id: 672 - User: WhiteJohny
2025-04-29 19:53:06,761 - telegram_bot - INFO - Action: Track analysis handler - Message id: 674 - User: WhiteJohny
2025-04-29 19:53:17,777 - telegram_bot - INFO - Action: Track analysis process file - Message id: 676 - User: WhiteJohny
2025-04-29 19:53:36,429 - telegram_bot - INFO - Action: Track analysis process file - Message id: 678 - User: WhiteJohny
2025-04-29 19:58:40,094 - telegram_bot - INFO - Action: Stop bot - Additional info: !!!!!!!!!!!!!Бот остановлен!!!!!!!!!!!!!
2025-04-29 20:00:13,692 - telegram_bot - INFO - Action: Start bot - Additional info: !!!!!!!!!!!!!Бот запущен!!!!!!!!!!!!!
2025-04-29 20:00:14,876 - telegram_bot - INFO - Action: Start command - Message id: 682 - User: WhiteJohny
2025-04-29 20:00:18,537 - telegram_bot - INFO - Action: Track analysis handler - Message id: 684 - User: WhiteJohny
2025-04-29 20:00:23,967 - telegram_bot - INFO - Action: Track analysis process file - Message id: 686 - User: WhiteJohny
2025-04-29 20:01:49,171 - telegram_bot - INFO - Action: Stop bot - Additional info: !!!!!!!!!!!!!Бот остановлен!!!!!!!!!!!!!
2025-04-29 20:01:52,025 - telegram_bot - INFO - Action: Start bot - Additional info: !!!!!!!!!!!!!Бот запущен!!!!!!!!!!!!!
2025-04-29 20:01:56,793 - telegram_bot - INFO - Action: Start command - Message id: 690 - User: WhiteJohny
2025-04-29 20:01:57,600 - telegram_bot - INFO - Action: Profile handler - Message id: 692 - User: WhiteJohny
2025-04-29 20:01:59,475 - telegram_bot - INFO - Action: Back handler - Message id: 694 - User: WhiteJohny
2025-04-29 20:02:00,043 - telegram_bot - INFO - Action: Track analysis handler - Message id: 696 - User: WhiteJohny
2025-04-29 20:02:16,383 - telegram_bot - INFO - Action: Track analysis process file - Message id: 698 - User: WhiteJohny
2025-04-29 20:03:05,566 - telegram_bot - INFO - Action: Stop bot - Additional info: !!!!!!!!!!!!!Бот остановлен!!!!!!!!!!!!!
2025-04-29 20:03:08,400 - telegram_bot - INFO - Action: Start bot - Additional info: !!!!!!!!!!!!!Бот запущен!!!!!!!!!!!!!
2025-04-29 20:03:14,228 - telegram_bot - INFO - Action: Start command - Message id: 702 - User: WhiteJohny
2025-04-29 20:03:16,370 - telegram_bot - INFO - Action: Profile handler - Message id: 704 - User: WhiteJohny
2025-04-29 20:03:18,520 - telegram_bot - INFO - Action: Back handler - Message id: 706 - User: WhiteJohny
2025-04-29 20:03:19,471 - telegram_bot - INFO - Action: Track analysis handler - Message id: 708 - User: WhiteJohny
2025-04-29 20:03:25,841 - telegram_bot - INFO - Action: Track analysis process file - Message id: 710 - User: WhiteJohny
2025-04-29 20:03:25,841 - telegram_bot - INFO - Action: Download audio TG - Additional info: Error: 'NoneType' object has no attribute 'file_size'
2025-04-29 20:04:09,653 - telegram_bot - INFO - Action: Stop bot - Additional info: !!!!!!!!!!!!!Бот остановлен!!!!!!!!!!!!!
2025-04-29 20:04:12,410 - telegram_bot - INFO - Action: Start bot - Additional info: !!!!!!!!!!!!!Бот запущен!!!!!!!!!!!!!
2025-04-29 20:04:14,501 - telegram_bot - INFO - Action: Start command - Message id: 714 - User: WhiteJohny
2025-04-29 20:04:15,362 - telegram_bot - INFO - Action: Track analysis handler - Message id: 716 - User: WhiteJohny
2025-04-29 20:05:53,186 - telegram_bot - INFO - Action: Stop bot - Additional info: !!!!!!!!!!!!!Бот остановлен!!!!!!!!!!!!!
2025-04-29 20:48:30,994 - telegram_bot - INFO - Action: Start bot - Additional info: !!!!!!!!!!!!!Бот запущен!!!!!!!!!!!!!
2025-04-29 20:48:34,034 - telegram_bot - INFO - Action: Start command - Message id: 720 - User: WhiteJohny
2025-04-29 20:48:34,802 - telegram_bot - INFO - Action: Track analysis handler - Message id: 722 - User: WhiteJohny
2025-04-29 20:48:41,568 - telegram_bot - INFO - Action: Track analysis process file - Message id: 724 - User: WhiteJohny
2025-04-29 20:48:41,568 - telegram_bot - INFO - Action: Download audio TG - Additional info: Error: 'NoneType' object has no attribute 'file_size'
2025-04-29 20:49:04,046 - telegram_bot - INFO - Action: Track analysis process file - Message id: 726 - User: WhiteJohny
2025-04-29 20:49:04,046 - telegram_bot - INFO - Action: Download audio TG - Additional info: Error: 'NoneType' object has no attribute 'file_size'
2025-04-29 20:49:54,570 - telegram_bot - INFO - Action: Track analysis process file - Message id: 728 - User: WhiteJohny
2025-04-29 20:49:54,571 - telegram_bot - INFO - Action: Download audio TG - Additional info: Error: 'NoneType' object has no attribute 'file_size'
2025-04-29 20:50:14,438 - telegram_bot - INFO - Action: Stop bot - Additional info: !!!!!!!!!!!!!Бот остановлен!!!!!!!!!!!!!
2025-04-29 20:50:17,359 - telegram_bot - INFO - Action: Start bot - Additional info: !!!!!!!!!!!!!Бот запущен!!!!!!!!!!!!!
2025-04-29 20:50:28,571 - telegram_bot - INFO - Action: Garbage handler - Message id: 732 - User: WhiteJohny
2025-04-29 20:50:30,380 - telegram_bot - INFO - Action: Start command - Message id: 734 - User: WhiteJohny
2025-04-29 20:50:37,734 - telegram_bot - INFO - Action: Track analysis handler - Message id: 736 - User: WhiteJohny
2025-04-29 20:50:37,852 - telegram_bot - INFO - Action: Track analysis process file - Message id: 737 - User: WhiteJohny
2025-04-29 20:50:37,863 - telegram_bot - INFO - Action: Download audio TG - Additional info: Error: 'NoneType' object has no attribute 'file_size'
2025-04-29 20:51:32,524 - telegram_bot - INFO - Action: Stop bot - Additional info: !!!!!!!!!!!!!Бот остановлен!!!!!!!!!!!!!
2025-04-29 20:51:35,351 - telegram_bot - INFO - Action: Start bot - Additional info: !!!!!!!!!!!!!Бот запущен!!!!!!!!!!!!!
2025-04-29 20:51:54,825 - telegram_bot - INFO - Action: Start command - Message id: 742 - User: WhiteJohny
2025-04-29 20:52:01,708 - telegram_bot - INFO - Action: Track analysis handler - Message id: 744 - User: WhiteJohny
2025-04-29 20:52:01,771 - telegram_bot - INFO - Action: Track analysis process file - Message id: 745 - User: WhiteJohny
2025-04-29 20:52:01,771 - telegram_bot - INFO - Action: Download audio TG - Additional info: Error: 'NoneType' object has no attribute 'file_size'
2025-04-29 20:52:37,018 - telegram_bot - INFO - Action: Stop bot - Additional info: !!!!!!!!!!!!!Бот остановлен!!!!!!!!!!!!!
2025-04-29 20:52:39,998 - telegram_bot - INFO - Action: Start bot - Additional info: !!!!!!!!!!!!!Бот запущен!!!!!!!!!!!!!
2025-04-29 20:52:46,057 - telegram_bot - INFO - Action: Start command - Message id: 750 - User: WhiteJohny
2025-04-29 20:52:52,048 - telegram_bot - INFO - Action: Track analysis handler - Message id: 752 - User: WhiteJohny
2025-04-29 20:52:52,121 - telegram_bot - INFO - Action: Track analysis process file - Message id: 753 - User: WhiteJohny
2025-04-29 20:55:22,645 - telegram_bot - INFO - Action: Stop bot - Additional info: !!!!!!!!!!!!!Бот остановлен!!!!!!!!!!!!!
2025-04-29 21:07:05,785 - telegram_bot - INFO - Action: Start bot - Additional info: !!!!!!!!!!!!!Бот запущен!!!!!!!!!!!!!
2025-04-29 21:07:09,865 - telegram_bot - INFO - Action: Start command - Message id: 758 - User: WhiteJohny
2025-04-29 21:07:11,108 - telegram_bot - INFO - Action: Track analysis handler - Message id: 760 - User: WhiteJohny
2025-04-29 21:07:16,153 - telegram_bot - INFO - Action: Track analysis process file - Message id: 762 - User: WhiteJohny
2025-04-29 21:07:17,785 - telegram_bot - INFO - Action: Download audio TG - Additional info: Error: Command '['ffmpeg', '-i', 'music/file_2.mp3', '-acodec', 'pcm_s16le', '-ar', '44100', '-ac', '2', '-y', '../../../downloads/Liton - Бахмут.mp3.wav']' returned non-zero exit status 4294967294.
2025-04-29 21:08:41,698 - telegram_bot - INFO - Action: Stop bot - Additional info: !!!!!!!!!!!!!Бот остановлен!!!!!!!!!!!!!
2025-04-29 21:08:44,877 - telegram_bot - INFO - Action: Start bot - Additional info: !!!!!!!!!!!!!Бот запущен!!!!!!!!!!!!!
2025-04-29 21:08:47,046 - telegram_bot - INFO - Action: Start command - Message id: 766 - User: WhiteJohny
2025-04-29 21:08:48,513 - telegram_bot - INFO - Action: Track analysis handler - Message id: 768 - User: WhiteJohny
2025-04-29 21:08:54,378 - telegram_bot - INFO - Action: Track analysis process file - Message id: 770 - User: WhiteJohny
2025-04-29 21:08:55,185 - telegram_bot - INFO - Action: Download audio TG - Additional info: Error: [Errno 13] Permission denied: '../../../downloads'
2025-04-29 21:13:39,600 - telegram_bot - INFO - Action: Stop bot - Additional info: !!!!!!!!!!!!!Бот остановлен!!!!!!!!!!!!!
2025-04-29 21:13:50,937 - telegram_bot - INFO - Action: Start bot - Additional info: !!!!!!!!!!!!!Бот запущен!!!!!!!!!!!!!
2025-04-29 21:13:59,273 - telegram_bot - INFO - Action: Start command - Message id: 774 - User: WhiteJohny
2025-04-29 21:14:00,573 - telegram_bot - INFO - Action: Track analysis handler - Message id: 776 - User: WhiteJohny
2025-04-29 21:14:05,446 - telegram_bot - INFO - Action: Track analysis process file - Message id: 778 - User: WhiteJohny
2025-04-29 21:14:06,458 - telegram_bot - INFO - Action: Download audio TG - Additional info: Error: Command '['ffmpeg', '-i', 'music/file_2.mp3', '-acodec', 'pcm_s16le', '-ar', '44100', '-ac', '2', '-y', '../../../downloads\\Liton - Бахмут.mp3.wav']' returned non-zero exit status 4294967294.
2025-04-29 21:15:17,930 - telegram_bot - INFO - Action: Stop bot - Additional info: !!!!!!!!!!!!!Бот остановлен!!!!!!!!!!!!!
2025-04-29 21:15:20,948 - telegram_bot - INFO - Action: Start bot - Additional info: !!!!!!!!!!!!!Бот запущен!!!!!!!!!!!!!
2025-04-29 21:15:27,002 - telegram_bot - INFO - Action: Start command - Message id: 782 - User: WhiteJohny
2025-04-29 21:15:28,981 - telegram_bot - INFO - Action: Track analysis handler - Message id: 784 - User: WhiteJohny
2025-04-29 21:15:34,751 - telegram_bot - INFO - Action: Track analysis process file - Message id: 786 - User: WhiteJohny
2025-04-29 21:18:37,689 - telegram_bot - INFO - Action: Stop bot - Additional info: !!!!!!!!!!!!!Бот остановлен!!!!!!!!!!!!!
2025-04-29 21:18:40,591 - telegram_bot - INFO - Action: Start bot - Additional info: !!!!!!!!!!!!!Бот запущен!!!!!!!!!!!!!
2025-04-29 21:18:48,081 - telegram_bot - INFO - Action: Start command - Message id: 790 - User: WhiteJohny
2025-04-29 21:18:49,530 - telegram_bot - INFO - Action: Track analysis handler - Message id: 792 - User: WhiteJohny
2025-04-29 21:18:54,876 - telegram_bot - INFO - Action: Track analysis process file - Message id: 794 - User: WhiteJohny
2025-04-29 21:20:33,395 - telegram_bot - INFO - Action: Stop bot - Additional info: !!!!!!!!!!!!!Бот остановлен!!!!!!!!!!!!!
2025-04-29 21:20:36,421 - telegram_bot - INFO - Action: Start bot - Additional info: !!!!!!!!!!!!!Бот запущен!!!!!!!!!!!!!
2025-04-29 21:20:42,916 - telegram_bot - INFO - Action: Start command - Message id: 798 - User: WhiteJohny
2025-04-29 21:20:46,488 - telegram_bot - INFO - Action: Profile handler - Message id: 800 - User: WhiteJohny
2025-04-29 21:20:47,485 - telegram_bot - INFO - Action: Back handler - Message id: 802 - User: WhiteJohny
2025-04-29 21:20:47,991 - telegram_bot - INFO - Action: Track analysis handler - Message id: 804 - User: WhiteJohny
2025-04-29 21:20:58,144 - telegram_bot - INFO - Action: Track analysis process file - Message id: 806 - User: WhiteJohny
2025-04-29 21:21:46,207 - telegram_bot - INFO - Action: Stop bot - Additional info: !!!!!!!!!!!!!Бот остановлен!!!!!!!!!!!!!
2025-04-29 22:40:00,531 - telegram_bot - INFO - Action: Start bot - Additional info: !!!!!!!!!!!!!Бот запущен!!!!!!!!!!!!!
2025-04-29 22:40:22,037 - telegram_bot - INFO - Action: Start command - Message id: 810 - User: WhiteJohny
2025-04-29 22:40:23,734 - telegram_bot - INFO - Action: Track analysis handler - Message id: 812 - User: WhiteJohny
2025-04-29 22:40:27,220 - telegram_bot - INFO - Action: Track analysis process link - Message id: 814 - User: WhiteJohny
2025-04-29 22:40:29,417 - telegram_bot - INFO - Action: Download audio YT - Additional info: Error: ERROR: [youtube] 7YHgDbbGU8w: Failed to extract any player response; please report this issue on  https://github.com/yt-dlp/yt-dlp/issues?q= , filling out the appropriate issue template. Confirm you are on the latest version using  yt-dlp -U
2025-04-29 22:48:20,741 - telegram_bot - INFO - Action: Start command - Message id: 816 - User: WhiteJohny
2025-04-29 22:48:22,490 - telegram_bot - INFO - Action: Track analysis handler - Message id: 818 - User: WhiteJohny
2025-04-29 22:48:24,549 - telegram_bot - INFO - Action: Track analysis process link - Message id: 820 - User: WhiteJohny
